<?xml version="1.0" encoding="UTF-8"?>
<!-- Generated by org.testng.reporters.JUnitXMLReporter -->
<testsuite ignored="0" hostname="DESKTOP-ML284IJ" failures="1" tests="2" name="Test home page on Chrome" time="22.793" errors="0" timestamp="2022-10-07T11:43:45 IST">
  <testcase classname="com.duosasinos.testcases.HomePageTest" name="TestOutsourceReadmorebutton" time="8.553"/>
  <testcase classname="com.duosasinos.testcases.HomePageTest" name="TestSliderTeamsReadmorebutton" time="6.85">
    <failure type="java.lang.AssertionError" message="expected [https://duosasinos.com/work-with-us/] but found [https://duosasinos.com/]">
      <![CDATA[java.lang.AssertionError: expected [https://duosasinos.com/work-with-us/] but found [https://duosasinos.com/]
at com.duosasinos.testcases.HomePageTest.TestSliderTeamsReadmorebutton(HomePageTest.java:48)
at java.base/java.util.ArrayList.forEach(ArrayList.java:1511)
... Removed 33 stack frames]]>
    </failure>
  </testcase> <!-- TestSliderTeamsReadmorebutton -->
</testsuite> <!-- Test home page on Chrome -->
